<?xml version="1.0" encoding="UTF-8"?>
<!-- Generated by org.testng.reporters.JUnitReportReporter -->
<testsuite skipped="0" hostname="DESKTOP-E9AFF41" name="com.features.Runner" tests="1" failures="0" timestamp="12 Dec 2019 15:54:33 GMT" time="226.191" errors="0">
  <testcase name="feature" time="226.191" classname="com.features.Runner"/>
</testsuite> <!-- com.features.Runner -->
